#
# There is insufficient memory for the Java Runtime Environment to continue.
# Native memory allocation (mmap) failed to map 1418199040 bytes for committing reserved memory.
# Possible reasons:
#   The system is out of physical RAM or swap space
#   In 32 bit mode, the process size limit was hit
# Possible solutions:
#   Reduce memory load on the system
#   Increase physical memory or swap space
#   Check if swap backing store is full
#   Use 64 bit Java on a 64 bit OS
#   Decrease Java heap size (-Xmx/-Xms)
#   Decrease number of Java threads
#   Decrease Java thread stack sizes (-Xss)
#   Set larger code cache with -XX:ReservedCodeCacheSize=
# This output file may be truncated or incomplete.
#
#  Out of Memory Error (os_linux.cpp:2743), pid=31009, tid=0x00007fde0019e700
#
# JRE version: Java(TM) SE Runtime Environment (8.0_191-b12) (build 1.8.0_191-b12)
# Java VM: Java HotSpot(TM) 64-Bit Server VM (25.191-b12 mixed mode linux-amd64 compressed oops)
# Failed to write core dump. Core dumps have been disabled. To enable core dumping, try "ulimit -c unlimited" before starting Java again
#

---------------  T H R E A D  ---------------

Current thread (0x00007fde14079800):  VMThread [stack: 0x00007fde0009f000,0x00007fde0019f000] [id=31019]

Stack: [0x00007fde0009f000,0x00007fde0019f000],  sp=0x00007fde0019d410,  free space=1017k
Native frames: (J=compiled Java code, j=interpreted, Vv=VM code, C=native code)
V  [libjvm.so+0xace425]  VMError::report_and_die()+0x2c5
V  [libjvm.so+0x4deb77]  report_vm_out_of_memory(char const*, int, unsigned long, VMErrorType, char const*)+0x67
V  [libjvm.so+0x90c570]  os::pd_commit_memory(char*, unsigned long, unsigned long, bool)+0x100
V  [libjvm.so+0x903eaf]  os::commit_memory(char*, unsigned long, unsigned long, bool)+0x1f
V  [libjvm.so+0x988346]  PSVirtualSpace::expand_by(unsigned long)+0x56
V  [libjvm.so+0x97768b]  PSOldGen::expand_by(unsigned long) [clone .part.28]+0x1b
V  [libjvm.so+0x977848]  PSOldGen::expand(unsigned long) [clone .part.29]+0xa8
V  [libjvm.so+0x9783f1]  PSOldGen::resize(unsigned long)+0xe1
V  [libjvm.so+0x97e506]  PSParallelCompact::invoke_no_policy(bool) [clone .part.118]+0xa06
V  [libjvm.so+0x9862d5]  PSScavenge::invoke()+0x215
V  [libjvm.so+0x935fb8]  ParallelScavengeHeap::failed_mem_allocate(unsigned long)+0x68
V  [libjvm.so+0xacff53]  VM_ParallelGCFailedAllocation::doit()+0x93
V  [libjvm.so+0xad50f6]  VM_Operation::evaluate()+0x46
V  [libjvm.so+0xad347d]  VMThread::evaluate_operation(VM_Operation*) [clone .constprop.44]+0xcd
V  [libjvm.so+0xad3a3b]  VMThread::loop()+0x37b
V  [libjvm.so+0xad3de8]  VMThread::run()+0x78
V  [libjvm.so+0x909c92]  java_start(Thread*)+0x102

VM_Operation (0x00007fde1ba6f220): ParallelGCFailedAllocation, mode: safepoint, requested by thread 0x00007fde1400b800


---------------  P R O C E S S  ---------------

Java Threads: ( => current thread )
  0x00007fde140c2800 JavaThread "Service Thread" daemon [_thread_blocked, id=31026, stack(0x00007fddf8f2a000,0x00007fddf902b000)]
  0x00007fde140bf800 JavaThread "C1 CompilerThread2" daemon [_thread_blocked, id=31025, stack(0x00007fddf902c000,0x00007fddf912c000)]
  0x00007fde140be000 JavaThread "C2 CompilerThread1" daemon [_thread_blocked, id=31024, stack(0x00007fddf912d000,0x00007fddf922d000)]
  0x00007fde140bb000 JavaThread "C2 CompilerThread0" daemon [_thread_blocked, id=31023, stack(0x00007fddf922e000,0x00007fddf932e000)]
  0x00007fde140b9800 JavaThread "Signal Dispatcher" daemon [_thread_blocked, id=31022, stack(0x00007fddf932e000,0x00007fddf942f000)]
  0x00007fde14085800 JavaThread "Finalizer" daemon [_thread_blocked, id=31021, stack(0x00007fddf9dfe000,0x00007fddf9eff000)]
  0x00007fde14083000 JavaThread "Reference Handler" daemon [_thread_blocked, id=31020, stack(0x00007fddf9eff000,0x00007fddfa000000)]
  0x00007fde1400b800 JavaThread "main" [_thread_blocked, id=31014, stack(0x00007fde1b971000,0x00007fde1ba71000)]

Other Threads:
=>0x00007fde14079800 VMThread [stack: 0x00007fde0009f000,0x00007fde0019f000] [id=31019]
  0x00007fde140c7800 WatcherThread [stack: 0x00007fddf8e2a000,0x00007fddf8f2a000] [id=31027]

VM state:at safepoint (normal execution)

VM Mutex/Monitor currently owned by a thread:  ([mutex/lock_event])
[0x00007fde140077b0] ExpandHeap_lock - owner thread: 0x00007fde14079800
[0x00007fde14007e30] Threads_lock - owner thread: 0x00007fde14079800
[0x00007fde14008330] Heap_lock - owner thread: 0x00007fde1400b800

Heap:
 PSYoungGen      total 3728384K, used 1357320K [0x000000066ab00000, 0x00000007c0000000, 0x00000007c0000000)
  eden space 1864704K, 0% used [0x000000066ab00000,0x000000066ab00000,0x00000006dc800000)
  from space 1863680K, 72% used [0x000000074e400000,0x00000007a1182118,0x00000007c0000000)
  to   space 1863680K, 0% used [0x00000006dc800000,0x00000006dc800000,0x000000074e400000)
 ParOldGen       total 9800192K, used 9799769K [0x00000003c0000000, 0x0000000616280000, 0x000000066ab00000)
  object space 9800192K, 99% used [0x00000003c0000000,0x0000000616216458,0x0000000616280000)
 Metaspace       used 11785K, capacity 11898K, committed 12032K, reserved 1060864K
  class space    used 1230K, capacity 1265K, committed 1280K, reserved 1048576K

Card table byte_map: [0x00007fde02fff000,0x00007fde05000000] byte_map_base: 0x00007fde011ff000

Marking Bits: (ParMarkBitMap*) 0x00007fde1ae1bd40
 Begin Bits: [0x00007fddc4000000, 0x00007fddd4000000)
 End Bits:   [0x00007fddd4000000, 0x00007fdde4000000)

Polling page: 0x00007fde1ba8b000

CodeCache: size=245760Kb used=15468Kb max_used=16661Kb free=230291Kb
 bounds [0x00007fde05000000, 0x00007fde06080000, 0x00007fde14000000]
 total_blobs=4140 nmethods=3827 adapters=226
 compilation: enabled

Compilation events (10 events):
Event: 86.029 Thread 0x00007fde140bb000 nmethod 6432 0x00007fde0563e1d0 code [0x00007fde0563e320, 0x00007fde0563e3d8]
Event: 86.249 Thread 0x00007fde140be000 nmethod 6446 0x00007fde05f9e8d0 code [0x00007fde05f9f3e0, 0x00007fde05fa6838]
Event: 86.250 Thread 0x00007fde140bb000 6450 %     4       sa.tcop.TcOpAnalyzer::dfsToGetTCOperations @ 341 (441 bytes)
Event: 86.301 Thread 0x00007fde140bb000 nmethod 6450% 0x00007fde05737b10 code [0x00007fde05737f40, 0x00007fde0573ab18]
Event: 86.742 Thread 0x00007fde140be000 6451       4       java.util.regex.Pattern::RemoveQEQuoting (346 bytes)
Event: 86.744 Thread 0x00007fde140be000 nmethod 6451 0x00007fde0525ddd0 code [0x00007fde0525df20, 0x00007fde0525e078]
Event: 86.805 Thread 0x00007fde140bb000 6452       4       sa.tcop.PathEntry::addLoop (30 bytes)
Event: 86.806 Thread 0x00007fde140be000 6453   !   4       sa.wala.IRUtil::getSourceLineNumberFromSSA (66 bytes)
Event: 86.806 Thread 0x00007fde140bb000 nmethod 6452 0x00007fde0570f8d0 code [0x00007fde0570fa40, 0x00007fde0570fc78]
Event: 86.817 Thread 0x00007fde140be000 nmethod 6453 0x00007fde058d31d0 code [0x00007fde058d3520, 0x00007fde058d4400]

GC Heap History (10 events):
Event: 113.285 GC heap after
Heap after GC invocations=22 (full 3):
 PSYoungGen      total 3728384K, used 1271908K [0x000000066ab00000, 0x00000007c0000000, 0x00000007c0000000)
  eden space 1864704K, 0% used [0x000000066ab00000,0x000000066ab00000,0x00000006dc800000)
  from space 1863680K, 68% used [0x00000006dc800000,0x000000072a219088,0x000000074e400000)
  to   space 1863680K, 0% used [0x000000074e400000,0x000000074e400000,0x00000007c0000000)
 ParOldGen       total 7541248K, used 5378670K [0x00000003c0000000, 0x000000058c480000, 0x000000066ab00000)
  object space 7541248K, 71% used [0x00000003c0000000,0x000000050849bb90,0x000000058c480000)
 Metaspace       used 11785K, capacity 11898K, committed 12032K, reserved 1060864K
  class space    used 1230K, capacity 1265K, committed 1280K, reserved 1048576K
}
Event: 114.216 GC heap before
{Heap before GC invocations=23 (full 3):
 PSYoungGen      total 3728384K, used 3136612K [0x000000066ab00000, 0x00000007c0000000, 0x00000007c0000000)
  eden space 1864704K, 100% used [0x000000066ab00000,0x00000006dc800000,0x00000006dc800000)
  from space 1863680K, 68% used [0x00000006dc800000,0x000000072a219088,0x000000074e400000)
  to   space 1863680K, 0% used [0x000000074e400000,0x000000074e400000,0x00000007c0000000)
 ParOldGen       total 7541248K, used 5378670K [0x00000003c0000000, 0x000000058c480000, 0x000000066ab00000)
  object space 7541248K, 71% used [0x00000003c0000000,0x000000050849bb90,0x000000058c480000)
 Metaspace       used 11785K, capacity 11898K, committed 12032K, reserved 1060864K
  class space    used 1230K, capacity 1265K, committed 1280K, reserved 1048576K
Event: 115.502 GC heap after
Heap after GC invocations=23 (full 3):
 PSYoungGen      total 3728384K, used 1863664K [0x000000066ab00000, 0x00000007c0000000, 0x00000007c0000000)
  eden space 1864704K, 0% used [0x000000066ab00000,0x000000066ab00000,0x00000006dc800000)
  from space 1863680K, 99% used [0x000000074e400000,0x00000007bfffc098,0x00000007c0000000)
  to   space 1863680K, 0% used [0x00000006dc800000,0x00000006dc800000,0x000000074e400000)
 ParOldGen       total 7541248K, used 6213767K [0x00000003c0000000, 0x000000058c480000, 0x000000066ab00000)
  object space 7541248K, 82% used [0x00000003c0000000,0x000000053b421e90,0x000000058c480000)
 Metaspace       used 11785K, capacity 11898K, committed 12032K, reserved 1060864K
  class space    used 1230K, capacity 1265K, committed 1280K, reserved 1048576K
}
Event: 115.502 GC heap before
{Heap before GC invocations=24 (full 4):
 PSYoungGen      total 3728384K, used 1863664K [0x000000066ab00000, 0x00000007c0000000, 0x00000007c0000000)
  eden space 1864704K, 0% used [0x000000066ab00000,0x000000066ab00000,0x00000006dc800000)
  from space 1863680K, 99% used [0x000000074e400000,0x00000007bfffc098,0x00000007c0000000)
  to   space 1863680K, 0% used [0x00000006dc800000,0x00000006dc800000,0x000000074e400000)
 ParOldGen       total 7541248K, used 6213767K [0x00000003c0000000, 0x000000058c480000, 0x000000066ab00000)
  object space 7541248K, 82% used [0x00000003c0000000,0x000000053b421e90,0x000000058c480000)
 Metaspace       used 11785K, capacity 11898K, committed 12032K, reserved 1060864K
  class space    used 1230K, capacity 1265K, committed 1280K, reserved 1048576K
Event: 124.755 GC heap after
Heap after GC invocations=24 (full 4):
 PSYoungGen      total 3728384K, used 528805K [0x000000066ab00000, 0x00000007c0000000, 0x00000007c0000000)
  eden space 1864704K, 0% used [0x000000066ab00000,0x000000066ab00000,0x00000006dc800000)
  from space 1863680K, 28% used [0x000000074e400000,0x000000076e869618,0x00000007c0000000)
  to   space 1863680K, 0% used [0x00000006dc800000,0x00000006dc800000,0x000000074e400000)
 ParOldGen       total 9800192K, used 7541198K [0x00000003c0000000, 0x0000000616280000, 0x000000066ab00000)
  object space 9800192K, 76% used [0x00000003c0000000,0x000000058c473aa0,0x0000000616280000)
 Metaspace       used 11785K, capacity 11898K, committed 12032K, reserved 1060864K
  class space    used 1230K, capacity 1265K, committed 1280K, reserved 1048576K
}
Event: 125.494 GC heap before
{Heap before GC invocations=25 (full 4):
 PSYoungGen      total 3728384K, used 2393509K [0x000000066ab00000, 0x00000007c0000000, 0x00000007c0000000)
  eden space 1864704K, 100% used [0x000000066ab00000,0x00000006dc800000,0x00000006dc800000)
  from space 1863680K, 28% used [0x000000074e400000,0x000000076e869618,0x00000007c0000000)
  to   space 1863680K, 0% used [0x00000006dc800000,0x00000006dc800000,0x000000074e400000)
 ParOldGen       total 9800192K, used 7541198K [0x00000003c0000000, 0x0000000616280000, 0x000000066ab00000)
  object space 9800192K, 76% used [0x00000003c0000000,0x000000058c473aa0,0x0000000616280000)
 Metaspace       used 11785K, capacity 11898K, committed 12032K, reserved 1060864K
  class space    used 1230K, capacity 1265K, committed 1280K, reserved 1048576K
Event: 127.052 GC heap after
Heap after GC invocations=25 (full 4):
 PSYoungGen      total 3728384K, used 1863660K [0x000000066ab00000, 0x00000007c0000000, 0x00000007c0000000)
  eden space 1864704K, 0% used [0x000000066ab00000,0x000000066ab00000,0x00000006dc800000)
  from space 1863680K, 99% used [0x00000006dc800000,0x000000074e3fb010,0x000000074e400000)
  to   space 1863680K, 0% used [0x000000074e400000,0x000000074e400000,0x00000007c0000000)
 ParOldGen       total 9800192K, used 7752398K [0x00000003c0000000, 0x0000000616280000, 0x000000066ab00000)
  object space 9800192K, 79% used [0x00000003c0000000,0x00000005992b3aa0,0x0000000616280000)
 Metaspace       used 11785K, capacity 11898K, committed 12032K, reserved 1060864K
  class space    used 1230K, capacity 1265K, committed 1280K, reserved 1048576K
}
Event: 127.787 GC heap before
{Heap before GC invocations=26 (full 4):
 PSYoungGen      total 3728384K, used 3728364K [0x000000066ab00000, 0x00000007c0000000, 0x00000007c0000000)
  eden space 1864704K, 100% used [0x000000066ab00000,0x00000006dc800000,0x00000006dc800000)
  from space 1863680K, 99% used [0x00000006dc800000,0x000000074e3fb010,0x000000074e400000)
  to   space 1863680K, 0% used [0x000000074e400000,0x000000074e400000,0x00000007c0000000)
 ParOldGen       total 9800192K, used 7752398K [0x00000003c0000000, 0x0000000616280000, 0x000000066ab00000)
  object space 9800192K, 79% used [0x00000003c0000000,0x00000005992b3aa0,0x0000000616280000)
 Metaspace       used 11785K, capacity 11898K, committed 12032K, reserved 1060864K
  class space    used 1230K, capacity 1265K, committed 1280K, reserved 1048576K
Event: 135.898 GC heap after
Heap after GC invocations=26 (full 4):
 PSYoungGen      total 3728384K, used 1863672K [0x000000066ab00000, 0x00000007c0000000, 0x00000007c0000000)
  eden space 1864704K, 0% used [0x000000066ab00000,0x000000066ab00000,0x00000006dc800000)
  from space 1863680K, 99% used [0x000000074e400000,0x00000007bfffe020,0x00000007c0000000)
  to   space 1863680K, 0% used [0x00000006dc800000,0x00000006dc800000,0x000000074e400000)
 ParOldGen       total 9800192K, used 9303422K [0x00000003c0000000, 0x0000000616280000, 0x000000066ab00000)
  object space 9800192K, 94% used [0x00000003c0000000,0x00000005f7d5faa0,0x0000000616280000)
 Metaspace       used 11785K, capacity 11898K, committed 12032K, reserved 1060864K
  class space    used 1230K, capacity 1265K, committed 1280K, reserved 1048576K
}
Event: 135.904 GC heap before
{Heap before GC invocations=27 (full 5):
 PSYoungGen      total 3728384K, used 1863672K [0x000000066ab00000, 0x00000007c0000000, 0x00000007c0000000)
  eden space 1864704K, 0% used [0x000000066ab00000,0x000000066ab00000,0x00000006dc800000)
  from space 1863680K, 99% used [0x000000074e400000,0x00000007bfffe020,0x00000007c0000000)
  to   space 1863680K, 0% used [0x00000006dc800000,0x00000006dc800000,0x000000074e400000)
 ParOldGen       total 9800192K, used 9303422K [0x00000003c0000000, 0x0000000616280000, 0x000000066ab00000)
  object space 9800192K, 94% used [0x00000003c0000000,0x00000005f7d5faa0,0x0000000616280000)
 Metaspace       used 11785K, capacity 11898K, committed 12032K, reserved 1060864K
  class space    used 1230K, capacity 1265K, committed 1280K, reserved 1048576K

Deoptimization events (10 events):
Event: 84.800 Thread 0x00007fde1400b800 Uncommon trap: reason=unstable_if action=reinterpret pc=0x00007fde05dc5b0c method=sa.loop.TCOpUtil.isJavaIOSSA(Lcom/ibm/wala/ssa/SSAInstruction;)Z @ 56
Event: 85.032 Thread 0x00007fde1400b800 Uncommon trap: reason=unstable_if action=reinterpret pc=0x00007fde0597e1dc method=sa.loop.TCOpUtil.isJavaIOSSA(Lcom/ibm/wala/ssa/SSAInstruction;)Z @ 65
Event: 85.290 Thread 0x00007fde1400b800 Uncommon trap: reason=class_check action=maybe_recompile pc=0x00007fde05fb77b0 method=sa.loop.TCLoopAnalyzer.dfsToGetTCOperationsForSSA(Lcom/ibm/wala/ipa/callgraph/CGNode;ILjava/util/BitSet;Lsa/loop/LoopInfo;Ljava/lang/String;)V @ 11
Event: 85.290 Thread 0x00007fde1400b800 Uncommon trap: reason=class_check action=maybe_recompile pc=0x00007fde05fb77b0 method=sa.loop.TCLoopAnalyzer.dfsToGetTCOperationsForSSA(Lcom/ibm/wala/ipa/callgraph/CGNode;ILjava/util/BitSet;Lsa/loop/LoopInfo;Ljava/lang/String;)V @ 11
Event: 85.290 Thread 0x00007fde1400b800 Uncommon trap: reason=class_check action=maybe_recompile pc=0x00007fde05fb77b0 method=sa.loop.TCLoopAnalyzer.dfsToGetTCOperationsForSSA(Lcom/ibm/wala/ipa/callgraph/CGNode;ILjava/util/BitSet;Lsa/loop/LoopInfo;Ljava/lang/String;)V @ 11
Event: 85.848 Thread 0x00007fde1400b800 Uncommon trap: reason=unstable_if action=reinterpret pc=0x00007fde05276740 method=java.util.regex.Pattern.RemoveQEQuoting()V @ 11
Event: 85.848 Thread 0x00007fde1400b800 Uncommon trap: reason=class_check action=maybe_recompile pc=0x00007fde05464ab4 method=java.util.regex.Pattern$Start.<init>(Ljava/util/regex/Pattern$Node;)V @ 22
Event: 85.848 Thread 0x00007fde1400b800 Uncommon trap: reason=class_check action=maybe_recompile pc=0x00007fde05464ab4 method=java.util.regex.Pattern$Start.<init>(Ljava/util/regex/Pattern$Node;)V @ 22
Event: 85.848 Thread 0x00007fde1400b800 Uncommon trap: reason=class_check action=maybe_recompile pc=0x00007fde05464ab4 method=java.util.regex.Pattern$Start.<init>(Ljava/util/regex/Pattern$Node;)V @ 22
Event: 85.848 Thread 0x00007fde1400b800 Uncommon trap: reason=class_check action=maybe_recompile pc=0x00007fde05464ab4 method=java.util.regex.Pattern$Start.<init>(Ljava/util/regex/Pattern$Node;)V @ 22

Classes redefined (0 events):
No events

Internal exceptions (10 events):
Event: 20.589 Thread 0x00007fde1400b800 Implicit null exception at 0x00007fde0588344a to 0x00007fde05883ae1
Event: 20.589 Thread 0x00007fde1400b800 Implicit null exception at 0x00007fde054d5d2d to 0x00007fde054d745d
Event: 20.589 Thread 0x00007fde1400b800 Implicit null exception at 0x00007fde058512b9 to 0x00007fde058520b9
Event: 20.841 Thread 0x00007fde1400b800 Implicit null exception at 0x00007fde05b5147e to 0x00007fde05b51b91
Event: 22.072 Thread 0x00007fde1400b800 Implicit null exception at 0x00007fde05f5e827 to 0x00007fde05f60547
Event: 26.559 Thread 0x00007fde1400b800 Implicit null exception at 0x00007fde05bcc7b2 to 0x00007fde05bcc8ad
Event: 80.922 Thread 0x00007fde1400b800 Implicit null exception at 0x00007fde05ba527f to 0x00007fde05ba5445
Event: 81.043 Thread 0x00007fde1400b800 Implicit null exception at 0x00007fde05512695 to 0x00007fde0551276d
Event: 81.858 Thread 0x00007fde1400b800 Implicit null exception at 0x00007fde053ed13d to 0x00007fde053ed401
Event: 81.860 Thread 0x00007fde1400b800 Implicit null exception at 0x00007fde05b607d0 to 0x00007fde05b60a19

Events (10 events):
Event: 95.095 Executing VM operation: RevokeBias done
Event: 97.447 Executing VM operation: ParallelGCFailedAllocation
Event: 110.711 Executing VM operation: ParallelGCFailedAllocation done
Event: 112.119 Executing VM operation: ParallelGCFailedAllocation
Event: 113.285 Executing VM operation: ParallelGCFailedAllocation done
Event: 114.216 Executing VM operation: ParallelGCFailedAllocation
Event: 124.756 Executing VM operation: ParallelGCFailedAllocation done
Event: 125.494 Executing VM operation: ParallelGCFailedAllocation
Event: 127.052 Executing VM operation: ParallelGCFailedAllocation done
Event: 127.787 Executing VM operation: ParallelGCFailedAllocation


Dynamic libraries:
00400000-00401000 r-xp 00000000 08:02 10364909                           /usr/lib/jvm/java-8-oracle/bin/java
00600000-00601000 r--p 00000000 08:02 10364909                           /usr/lib/jvm/java-8-oracle/bin/java
00601000-00602000 rw-p 00001000 08:02 10364909                           /usr/lib/jvm/java-8-oracle/bin/java
01945000-01966000 rw-p 00000000 00:00 0                                  [heap]
3c0000000-616280000 rw-p 00000000 00:00 0 
66ab00000-7c0000000 rw-p 00000000 00:00 0 
7c0000000-7c0140000 rw-p 00000000 00:00 0 
7c0140000-800000000 ---p 00000000 00:00 0 
7fdda4000000-7fdda4021000 rw-p 00000000 00:00 0 
7fdda4021000-7fdda8000000 ---p 00000000 00:00 0 
7fdda8000000-7fdda8021000 rw-p 00000000 00:00 0 
7fdda8021000-7fddac000000 ---p 00000000 00:00 0 
7fddac000000-7fddadd41000 rw-p 00000000 00:00 0 
7fddadd41000-7fddb0000000 ---p 00000000 00:00 0 
7fddb0000000-7fddb09a3000 rw-p 00000000 00:00 0 
7fddb09a3000-7fddb4000000 ---p 00000000 00:00 0 
7fddb4000000-7fddb4021000 rw-p 00000000 00:00 0 
7fddb4021000-7fddb8000000 ---p 00000000 00:00 0 
7fddb8000000-7fddba1cf000 rw-p 00000000 00:00 0 
7fddba1cf000-7fddbc000000 ---p 00000000 00:00 0 
7fddbc000000-7fddbc021000 rw-p 00000000 00:00 0 
7fddbc021000-7fddc0000000 ---p 00000000 00:00 0 
7fddc0000000-7fddc0021000 rw-p 00000000 00:00 0 
7fddc0021000-7fddc4000000 ---p 00000000 00:00 0 
7fddc4000000-7fdde4000000 rw-p 00000000 00:00 0 
7fdde4000000-7fdde41de000 rw-p 00000000 00:00 0 
7fdde41de000-7fdde8000000 ---p 00000000 00:00 0 
7fdde8000000-7fdde8306000 rw-p 00000000 00:00 0 
7fdde8306000-7fddec000000 ---p 00000000 00:00 0 
7fddec000000-7fddec095000 rw-p 00000000 00:00 0 
7fddec095000-7fddf0000000 ---p 00000000 00:00 0 
7fddf0fff000-7fddf4000000 rw-p 00000000 00:00 0 
7fddf4000000-7fddf41e0000 rw-p 00000000 00:00 0 
7fddf41e0000-7fddf8000000 ---p 00000000 00:00 0 
7fddf840b000-7fddf848b000 rw-p 00000000 00:00 0 
7fddf848b000-7fddf860b000 ---p 00000000 00:00 0 
7fddf860b000-7fddf860e000 r--s 0001a000 08:02 11411670                   /usr/lib/jvm/java-8-oracle/jre/lib/jce.jar
7fddf860e000-7fddf8613000 r--s 000a0000 08:02 11411664                   /usr/lib/jvm/java-8-oracle/jre/lib/jsse.jar
7fddf86d9000-7fddf88d9000 rw-p 00000000 00:00 0 
7fddf88d9000-7fddf8926000 r--s 00535000 08:03 1574229                    /home/snoopy/workspace/loopAnalysis/src/sa/res/hd-5153/hadoop-hdfs-2.3.0.jar
7fddf8926000-7fddf8952000 r--s 00279000 08:03 1574228                    /home/snoopy/workspace/loopAnalysis/src/sa/res/hd-5153/hadoop-common-2.3.0.jar
7fddf8952000-7fddf8957000 r--s 000a0000 08:02 11411664                   /usr/lib/jvm/java-8-oracle/jre/lib/jsse.jar
7fddf8957000-7fddf896a000 r--s 00345000 08:02 11411663                   /usr/lib/jvm/java-8-oracle/jre/lib/resources.jar
7fddf896a000-7fddf8a00000 r--s 0110e000 08:02 919166                     /usr/lib/jvm/java-8-oracle/jre/lib/ext/jfxrt.jar
7fddf8a00000-7fddf8a16000 r-xp 00000000 08:02 1181357                    /usr/lib/jvm/java-8-oracle/jre/lib/amd64/libnet.so
7fddf8a16000-7fddf8c15000 ---p 00016000 08:02 1181357                    /usr/lib/jvm/java-8-oracle/jre/lib/amd64/libnet.so
7fddf8c15000-7fddf8c16000 r--p 00015000 08:02 1181357                    /usr/lib/jvm/java-8-oracle/jre/lib/amd64/libnet.so
7fddf8c16000-7fddf8c17000 rw-p 00016000 08:02 1181357                    /usr/lib/jvm/java-8-oracle/jre/lib/amd64/libnet.so
7fddf8c17000-7fddf8c28000 r-xp 00000000 08:02 1181360                    /usr/lib/jvm/java-8-oracle/jre/lib/amd64/libnio.so
7fddf8c28000-7fddf8e27000 ---p 00011000 08:02 1181360                    /usr/lib/jvm/java-8-oracle/jre/lib/amd64/libnio.so
7fddf8e27000-7fddf8e28000 r--p 00010000 08:02 1181360                    /usr/lib/jvm/java-8-oracle/jre/lib/amd64/libnio.so
7fddf8e28000-7fddf8e29000 rw-p 00011000 08:02 1181360                    /usr/lib/jvm/java-8-oracle/jre/lib/amd64/libnio.so
7fddf8e29000-7fddf8e2a000 ---p 00000000 00:00 0 
7fddf8e2a000-7fddf8f2a000 rw-p 00000000 00:00 0 
7fddf8f2a000-7fddf8f2d000 ---p 00000000 00:00 0 
7fddf8f2d000-7fddf902b000 rw-p 00000000 00:00 0 
7fddf902b000-7fddf902c000 ---p 00000000 00:00 0 
7fddf902c000-7fddf902f000 ---p 00000000 00:00 0 
7fddf902f000-7fddf912c000 rw-p 00000000 00:00 0 
7fddf912c000-7fddf912d000 ---p 00000000 00:00 0 
7fddf912d000-7fddf9130000 ---p 00000000 00:00 0 
7fddf9130000-7fddf922d000 rw-p 00000000 00:00 0 
7fddf922d000-7fddf922e000 ---p 00000000 00:00 0 
7fddf922e000-7fddf9231000 ---p 00000000 00:00 0 
7fddf9231000-7fddf932e000 rw-p 00000000 00:00 0 
7fddf932e000-7fddf9331000 ---p 00000000 00:00 0 
7fddf9331000-7fddf942f000 rw-p 00000000 00:00 0 
7fddf942f000-7fddf9dfe000 r--p 00000000 08:02 10361368                   /usr/lib/locale/locale-archive
7fddf9dfe000-7fddf9e01000 ---p 00000000 00:00 0 
7fddf9e01000-7fddf9eff000 rw-p 00000000 00:00 0 
7fddf9eff000-7fddf9f02000 ---p 00000000 00:00 0 
7fddf9f02000-7fddfc000000 rw-p 00000000 00:00 0 
7fddfc000000-7fddfc09a000 rw-p 00000000 00:00 0 
7fddfc09a000-7fde00000000 ---p 00000000 00:00 0 
7fde00000000-7fde00003000 r--s 0001a000 08:02 11411670                   /usr/lib/jvm/java-8-oracle/jre/lib/jce.jar
7fde00003000-7fde00016000 r--s 000d6000 08:02 11411644                   /usr/lib/jvm/java-8-oracle/jre/lib/plugin.jar
7fde00016000-7fde00031000 r--s 0020c000 08:02 11411631                   /usr/lib/jvm/java-8-oracle/jre/lib/deploy.jar
7fde00031000-7fde00036000 r--s 00084000 08:02 11411630                   /usr/lib/jvm/java-8-oracle/jre/lib/jfr.jar
7fde00036000-7fde0003b000 r--s 002f9000 08:02 11411657                   /usr/lib/jvm/java-8-oracle/jre/lib/charsets.jar
7fde0003b000-7fde0003d000 r--s 00007000 08:02 11411672                   /usr/lib/jvm/java-8-oracle/jre/lib/jfxswt.jar
7fde0003d000-7fde00041000 r--s 0003a000 08:02 919170                     /usr/lib/jvm/java-8-oracle/jre/lib/ext/sunpkcs11.jar
7fde00041000-7fde0005d000 r--s 00393000 08:02 919165                     /usr/lib/jvm/java-8-oracle/jre/lib/ext/cldrdata.jar
7fde0005d000-7fde00078000 r--s 001d4000 08:02 919168                     /usr/lib/jvm/java-8-oracle/jre/lib/ext/nashorn.jar
7fde00078000-7fde00082000 r--s 00116000 08:02 919172                     /usr/lib/jvm/java-8-oracle/jre/lib/ext/localedata.jar
7fde00082000-7fde0009e000 r--s 00175000 08:03 1444069                    /home/snoopy/workspace/loopAnalysis/lib/sa/wala-1.3.8-jars/com.ibm.wala.core-1.3.8.jar
7fde0009e000-7fde0009f000 ---p 00000000 00:00 0 
7fde0009f000-7fde010cf000 rw-p 00000000 00:00 0 
7fde010cf000-7fde012a9000 r--s 03d6c000 08:02 11411659                   /usr/lib/jvm/java-8-oracle/jre/lib/rt.jar
7fde012a9000-7fde01aa9000 rw-p 00000000 00:00 0 
7fde01aa9000-7fde02d5b000 rw-p 00000000 00:00 0 
7fde02d5b000-7fde02fff000 ---p 00000000 00:00 0 
7fde02fff000-7fde042b1000 rw-p 00000000 00:00 0 
7fde042b1000-7fde04554000 ---p 00000000 00:00 0 
7fde04554000-7fde04fff000 rw-p 00000000 00:00 0 
7fde04fff000-7fde05000000 rw-p 00000000 00:00 0 
7fde05000000-7fde06080000 rwxp 00000000 00:00 0 
7fde06080000-7fde14000000 ---p 00000000 00:00 0 
7fde14000000-7fde144cb000 rw-p 00000000 00:00 0 
7fde144cb000-7fde18000000 ---p 00000000 00:00 0 
7fde18001000-7fde18003000 r--s 00009000 08:02 919163                     /usr/lib/jvm/java-8-oracle/jre/lib/ext/sunec.jar
7fde18003000-7fde18004000 r--s 0000a000 08:02 919167                     /usr/lib/jvm/java-8-oracle/jre/lib/ext/jaccess.jar
7fde18004000-7fde18006000 r--s 00001000 08:02 919164                     /usr/lib/jvm/java-8-oracle/jre/lib/ext/dnsns.jar
7fde18006000-7fde1800b000 r--s 0003f000 08:02 919173                     /usr/lib/jvm/java-8-oracle/jre/lib/ext/sunjce_provider.jar
7fde1800b000-7fde18015000 r--s 0006e000 08:02 11411640                   /usr/lib/jvm/java-8-oracle/jre/lib/javaws.jar
7fde18015000-7fde1824f000 rw-p 00000000 00:00 0 
7fde1824f000-7fde18250000 ---p 00000000 00:00 0 
7fde18250000-7fde18350000 rw-p 00000000 00:00 0 
7fde18350000-7fde18351000 ---p 00000000 00:00 0 
7fde18351000-7fde18451000 rw-p 00000000 00:00 0 
7fde18451000-7fde18452000 ---p 00000000 00:00 0 
7fde18452000-7fde18552000 rw-p 00000000 00:00 0 
7fde18552000-7fde18553000 ---p 00000000 00:00 0 
7fde18553000-7fde18695000 rw-p 00000000 00:00 0 
7fde18695000-7fde18a13000 ---p 00000000 00:00 0 
7fde18a13000-7fde18a2d000 r-xp 00000000 08:02 1181353                    /usr/lib/jvm/java-8-oracle/jre/lib/amd64/libzip.so
7fde18a2d000-7fde18c2d000 ---p 0001a000 08:02 1181353                    /usr/lib/jvm/java-8-oracle/jre/lib/amd64/libzip.so
7fde18c2d000-7fde18c2e000 r--p 0001a000 08:02 1181353                    /usr/lib/jvm/java-8-oracle/jre/lib/amd64/libzip.so
7fde18c2e000-7fde18c2f000 rw-p 0001b000 08:02 1181353                    /usr/lib/jvm/java-8-oracle/jre/lib/amd64/libzip.so
7fde18c2f000-7fde18c3a000 r-xp 00000000 08:02 8655622                    /lib/x86_64-linux-gnu/libnss_files-2.27.so
7fde18c3a000-7fde18e39000 ---p 0000b000 08:02 8655622                    /lib/x86_64-linux-gnu/libnss_files-2.27.so
7fde18e39000-7fde18e3a000 r--p 0000a000 08:02 8655622                    /lib/x86_64-linux-gnu/libnss_files-2.27.so
7fde18e3a000-7fde18e3b000 rw-p 0000b000 08:02 8655622                    /lib/x86_64-linux-gnu/libnss_files-2.27.so
7fde18e3b000-7fde18e41000 rw-p 00000000 00:00 0 
7fde18e41000-7fde18e58000 r-xp 00000000 08:02 8655616                    /lib/x86_64-linux-gnu/libnsl-2.27.so
7fde18e58000-7fde19057000 ---p 00017000 08:02 8655616                    /lib/x86_64-linux-gnu/libnsl-2.27.so
7fde19057000-7fde19058000 r--p 00016000 08:02 8655616                    /lib/x86_64-linux-gnu/libnsl-2.27.so
7fde19058000-7fde19059000 rw-p 00017000 08:02 8655616                    /lib/x86_64-linux-gnu/libnsl-2.27.so
7fde19059000-7fde1905b000 rw-p 00000000 00:00 0 
7fde1905b000-7fde19066000 r-xp 00000000 08:02 8655633                    /lib/x86_64-linux-gnu/libnss_nis-2.27.so
7fde19066000-7fde19265000 ---p 0000b000 08:02 8655633                    /lib/x86_64-linux-gnu/libnss_nis-2.27.so
7fde19265000-7fde19266000 r--p 0000a000 08:02 8655633                    /lib/x86_64-linux-gnu/libnss_nis-2.27.so
7fde19266000-7fde19267000 rw-p 0000b000 08:02 8655633                    /lib/x86_64-linux-gnu/libnss_nis-2.27.so
7fde19267000-7fde1926f000 r-xp 00000000 08:02 8655618                    /lib/x86_64-linux-gnu/libnss_compat-2.27.so
7fde1926f000-7fde1946f000 ---p 00008000 08:02 8655618                    /lib/x86_64-linux-gnu/libnss_compat-2.27.so
7fde1946f000-7fde19470000 r--p 00008000 08:02 8655618                    /lib/x86_64-linux-gnu/libnss_compat-2.27.so
7fde19470000-7fde19471000 rw-p 00009000 08:02 8655618                    /lib/x86_64-linux-gnu/libnss_compat-2.27.so
7fde19471000-7fde1949e000 r-xp 00000000 08:02 1181347                    /usr/lib/jvm/java-8-oracle/jre/lib/amd64/libjava.so
7fde1949e000-7fde1969d000 ---p 0002d000 08:02 1181347                    /usr/lib/jvm/java-8-oracle/jre/lib/amd64/libjava.so
7fde1969d000-7fde1969e000 r--p 0002c000 08:02 1181347                    /usr/lib/jvm/java-8-oracle/jre/lib/amd64/libjava.so
7fde1969e000-7fde196a0000 rw-p 0002d000 08:02 1181347                    /usr/lib/jvm/java-8-oracle/jre/lib/amd64/libjava.so
7fde196a0000-7fde196ad000 r-xp 00000000 08:02 1181352                    /usr/lib/jvm/java-8-oracle/jre/lib/amd64/libverify.so
7fde196ad000-7fde198ac000 ---p 0000d000 08:02 1181352                    /usr/lib/jvm/java-8-oracle/jre/lib/amd64/libverify.so
7fde198ac000-7fde198ae000 r--p 0000c000 08:02 1181352                    /usr/lib/jvm/java-8-oracle/jre/lib/amd64/libverify.so
7fde198ae000-7fde198af000 rw-p 0000e000 08:02 1181352                    /usr/lib/jvm/java-8-oracle/jre/lib/amd64/libverify.so
7fde198af000-7fde198b6000 r-xp 00000000 08:02 8655673                    /lib/x86_64-linux-gnu/librt-2.27.so
7fde198b6000-7fde19ab5000 ---p 00007000 08:02 8655673                    /lib/x86_64-linux-gnu/librt-2.27.so
7fde19ab5000-7fde19ab6000 r--p 00006000 08:02 8655673                    /lib/x86_64-linux-gnu/librt-2.27.so
7fde19ab6000-7fde19ab7000 rw-p 00007000 08:02 8655673                    /lib/x86_64-linux-gnu/librt-2.27.so
7fde19ab7000-7fde19c54000 r-xp 00000000 08:02 8655595                    /lib/x86_64-linux-gnu/libm-2.27.so
7fde19c54000-7fde19e53000 ---p 0019d000 08:02 8655595                    /lib/x86_64-linux-gnu/libm-2.27.so
7fde19e53000-7fde19e54000 r--p 0019c000 08:02 8655595                    /lib/x86_64-linux-gnu/libm-2.27.so
7fde19e54000-7fde19e55000 rw-p 0019d000 08:02 8655595                    /lib/x86_64-linux-gnu/libm-2.27.so
7fde19e55000-7fde1ab37000 r-xp 00000000 08:02 1181329                    /usr/lib/jvm/java-8-oracle/jre/lib/amd64/server/libjvm.so
7fde1ab37000-7fde1ad37000 ---p 00ce2000 08:02 1181329                    /usr/lib/jvm/java-8-oracle/jre/lib/amd64/server/libjvm.so
7fde1ad37000-7fde1adcd000 r--p 00ce2000 08:02 1181329                    /usr/lib/jvm/java-8-oracle/jre/lib/amd64/server/libjvm.so
7fde1adcd000-7fde1adfe000 rw-p 00d78000 08:02 1181329                    /usr/lib/jvm/java-8-oracle/jre/lib/amd64/server/libjvm.so
7fde1adfe000-7fde1ae39000 rw-p 00000000 00:00 0 
7fde1ae39000-7fde1b020000 r-xp 00000000 08:02 8655532                    /lib/x86_64-linux-gnu/libc-2.27.so
7fde1b020000-7fde1b220000 ---p 001e7000 08:02 8655532                    /lib/x86_64-linux-gnu/libc-2.27.so
7fde1b220000-7fde1b224000 r--p 001e7000 08:02 8655532                    /lib/x86_64-linux-gnu/libc-2.27.so
7fde1b224000-7fde1b226000 rw-p 001eb000 08:02 8655532                    /lib/x86_64-linux-gnu/libc-2.27.so
7fde1b226000-7fde1b22a000 rw-p 00000000 00:00 0 
7fde1b22a000-7fde1b22d000 r-xp 00000000 08:02 8655555                    /lib/x86_64-linux-gnu/libdl-2.27.so
7fde1b22d000-7fde1b42c000 ---p 00003000 08:02 8655555                    /lib/x86_64-linux-gnu/libdl-2.27.so
7fde1b42c000-7fde1b42d000 r--p 00002000 08:02 8655555                    /lib/x86_64-linux-gnu/libdl-2.27.so
7fde1b42d000-7fde1b42e000 rw-p 00003000 08:02 8655555                    /lib/x86_64-linux-gnu/libdl-2.27.so
7fde1b42e000-7fde1b445000 r-xp 00000000 08:02 10492091                   /usr/lib/jvm/java-8-oracle/lib/amd64/jli/libjli.so
7fde1b445000-7fde1b644000 ---p 00017000 08:02 10492091                   /usr/lib/jvm/java-8-oracle/lib/amd64/jli/libjli.so
7fde1b644000-7fde1b645000 r--p 00016000 08:02 10492091                   /usr/lib/jvm/java-8-oracle/lib/amd64/jli/libjli.so
7fde1b645000-7fde1b646000 rw-p 00017000 08:02 10492091                   /usr/lib/jvm/java-8-oracle/lib/amd64/jli/libjli.so
7fde1b646000-7fde1b660000 r-xp 00000000 08:02 8655665                    /lib/x86_64-linux-gnu/libpthread-2.27.so
7fde1b660000-7fde1b85f000 ---p 0001a000 08:02 8655665                    /lib/x86_64-linux-gnu/libpthread-2.27.so
7fde1b85f000-7fde1b860000 r--p 00019000 08:02 8655665                    /lib/x86_64-linux-gnu/libpthread-2.27.so
7fde1b860000-7fde1b861000 rw-p 0001a000 08:02 8655665                    /lib/x86_64-linux-gnu/libpthread-2.27.so
7fde1b861000-7fde1b865000 rw-p 00000000 00:00 0 
7fde1b865000-7fde1b88c000 r-xp 00000000 08:02 8655504                    /lib/x86_64-linux-gnu/ld-2.27.so
7fde1b88c000-7fde1b88d000 r--s 00010000 08:02 919169                     /usr/lib/jvm/java-8-oracle/jre/lib/ext/zipfs.jar
7fde1b88d000-7fde1b88e000 r--s 00000000 08:02 11411637                   /usr/lib/jvm/java-8-oracle/jre/lib/management-agent.jar
7fde1b88e000-7fde1b88f000 r--s 00000000 08:02 788759                     /usr/lib/jvm/java-8-oracle/jre/lib/security/policy/unlimited/local_policy.jar
7fde1b88f000-7fde1b890000 r--s 00000000 08:02 788760                     /usr/lib/jvm/java-8-oracle/jre/lib/security/policy/unlimited/US_export_policy.jar
7fde1b890000-7fde1b891000 r--s 00000000 08:02 658640                     /usr/lib/jvm/java-8-oracle/jre/lib/security/policy/limited/local_policy.jar
7fde1b891000-7fde1b892000 r--s 00000000 08:02 658641                     /usr/lib/jvm/java-8-oracle/jre/lib/security/policy/limited/US_export_policy.jar
7fde1b892000-7fde1b894000 r--s 0000b000 08:03 1444074                    /home/snoopy/workspace/loopAnalysis/lib/sa/wala-1.3.8-jars/com.ibm.wala.ide-1.3.8.jar
7fde1b894000-7fde1b89e000 r--s 000d2000 08:03 1444084                    /home/snoopy/workspace/loopAnalysis/lib/sa/wala-1.3.8-jars/com.ibm.wala.util-1.3.8.jar
7fde1b89e000-7fde1b970000 rw-p 00000000 00:00 0 
7fde1b970000-7fde1b971000 ---p 00000000 00:00 0 
7fde1b971000-7fde1b974000 ---p 00000000 00:00 0 
7fde1b974000-7fde1ba75000 rw-p 00000000 00:00 0 
7fde1ba75000-7fde1ba7d000 r--s 0005c000 08:03 1444083                    /home/snoopy/workspace/loopAnalysis/lib/sa/wala-1.3.8-jars/com.ibm.wala.shrike-1.3.8.jar
7fde1ba7d000-7fde1ba82000 r--s 0003c000 08:03 1444071                    /home/snoopy/workspace/loopAnalysis/lib/sa/wala-1.3.8-jars/com.ibm.wala.core.tests-1.3.8.jar
7fde1ba82000-7fde1ba8a000 rw-s 00000000 08:02 11544073                   /tmp/hsperfdata_snoopy/31009
7fde1ba8a000-7fde1ba8b000 rw-p 00000000 00:00 0 
7fde1ba8b000-7fde1ba8c000 ---p 00000000 00:00 0 
7fde1ba8c000-7fde1ba8d000 r--p 00027000 08:02 8655504                    /lib/x86_64-linux-gnu/ld-2.27.so
7fde1ba8d000-7fde1ba8e000 rw-p 00028000 08:02 8655504                    /lib/x86_64-linux-gnu/ld-2.27.so
7fde1ba8e000-7fde1ba8f000 rw-p 00000000 00:00 0 
7ffd126f1000-7ffd12712000 rw-p 00000000 00:00 0                          [stack]
7ffd1278a000-7ffd1278d000 r--p 00000000 00:00 0                          [vvar]
7ffd1278d000-7ffd1278f000 r-xp 00000000 00:00 0                          [vdso]
ffffffffff600000-ffffffffff601000 r-xp 00000000 00:00 0                  [vsyscall]

VM Arguments:
jvm_args: -Xmx16G -Dfile.encoding=UTF-8 
java_command: sa.StaticAnalysis /home/snoopy/workspace/loopAnalysis/ /home/snoopy/workspace/loopAnalysis/src/sa/res/hd-5153
java_class_path (initial): /home/snoopy/workspace/loopAnalysis/build/classes:/home/snoopy/workspace/loopAnalysis/lib/sa/wala-1.3.8-jars/com.ibm.wala.core.tests-1.3.8.jar:/home/snoopy/workspace/loopAnalysis/lib/sa/wala-1.3.8-jars/com.ibm.wala.core-1.3.8.jar:/home/snoopy/workspace/loopAnalysis/lib/sa/wala-1.3.8-jars/com.ibm.wala.shrike-1.3.8.jar:/home/snoopy/workspace/loopAnalysis/lib/sa/wala-1.3.8-jars/com.ibm.wala.util-1.3.8.jar:/home/snoopy/workspace/loopAnalysis/lib/sa/wala-1.3.8-jars/com.ibm.wala.ide-1.3.8.jar
Launcher Type: SUN_STANDARD

Environment Variables:
JAVA_HOME=/usr/lib/jvm/java-8-oracle
PATH=/home/snoopy/.local/bin:/usr/local/sbin:/usr/local/bin:/usr/sbin:/usr/bin:/sbin:/bin:/usr/games:/usr/local/games:/snap/bin:/usr/lib/jvm/java-8-oracle/bin:/usr/lib/jvm/java-8-oracle/db/bin:/usr/lib/jvm/java-8-oracle/jre/bin
USERNAME=snoopy
SHELL=/bin/bash
DISPLAY=:0

Signal Handlers:
SIGSEGV: [libjvm.so+0xaced60], sa_mask[0]=11111111011111111101111111111110, sa_flags=SA_RESTART|SA_SIGINFO
SIGBUS: [libjvm.so+0xaced60], sa_mask[0]=11111111011111111101111111111110, sa_flags=SA_RESTART|SA_SIGINFO
SIGFPE: [libjvm.so+0x907ca0], sa_mask[0]=11111111011111111101111111111110, sa_flags=SA_RESTART|SA_SIGINFO
SIGPIPE: [libjvm.so+0x907ca0], sa_mask[0]=11111111011111111101111111111110, sa_flags=SA_RESTART|SA_SIGINFO
SIGXFSZ: [libjvm.so+0x907ca0], sa_mask[0]=11111111011111111101111111111110, sa_flags=SA_RESTART|SA_SIGINFO
SIGILL: [libjvm.so+0x907ca0], sa_mask[0]=11111111011111111101111111111110, sa_flags=SA_RESTART|SA_SIGINFO
SIGUSR1: SIG_DFL, sa_mask[0]=00000000000000000000000000000000, sa_flags=none
SIGUSR2: [libjvm.so+0x907b70], sa_mask[0]=00100000000000000000000000000000, sa_flags=SA_RESTART|SA_SIGINFO
SIGHUP: [libjvm.so+0x908190], sa_mask[0]=11111111011111111101111111111110, sa_flags=SA_RESTART|SA_SIGINFO
SIGINT: [libjvm.so+0x908190], sa_mask[0]=11111111011111111101111111111110, sa_flags=SA_RESTART|SA_SIGINFO
SIGTERM: [libjvm.so+0x908190], sa_mask[0]=11111111011111111101111111111110, sa_flags=SA_RESTART|SA_SIGINFO
SIGQUIT: [libjvm.so+0x908190], sa_mask[0]=11111111011111111101111111111110, sa_flags=SA_RESTART|SA_SIGINFO


---------------  S Y S T E M  ---------------

OS:DISTRIB_ID=Ubuntu
DISTRIB_RELEASE=18.04
DISTRIB_CODENAME=bionic
DISTRIB_DESCRIPTION="Ubuntu 18.04.1 LTS"

uname:Linux 4.15.0-29-generic #31-Ubuntu SMP Tue Jul 17 15:39:52 UTC 2018 x86_64
libc:glibc 2.27 NPTL 2.27 
rlimit: STACK 8192k, CORE 0k, NPROC 127058, NOFILE 1048576, AS infinity
load average:3.98 2.09 1.08

/proc/meminfo:
MemTotal:       32810340 kB
MemFree:          242216 kB
MemAvailable:      88948 kB
Buffers:            8412 kB
Cached:           385384 kB
SwapCached:        10360 kB
Active:         30324628 kB
Inactive:        1869624 kB
Active(anon):   30249856 kB
Inactive(anon):  1779652 kB
Active(file):      74772 kB
Inactive(file):    89972 kB
Unevictable:         180 kB
Mlocked:             180 kB
SwapTotal:       2097148 kB
SwapFree:         120612 kB
Dirty:               692 kB
Writeback:             0 kB
AnonPages:      31795484 kB
Mapped:           284768 kB
Shmem:            231320 kB
Slab:             120636 kB
SReclaimable:      55644 kB
SUnreclaim:        64992 kB
KernelStack:       17520 kB
PageTables:       138512 kB
NFS_Unstable:          0 kB
Bounce:                0 kB
WritebackTmp:          0 kB
CommitLimit:    18502316 kB
Committed_AS:   44611092 kB
VmallocTotal:   34359738367 kB
VmallocUsed:           0 kB
VmallocChunk:          0 kB
HardwareCorrupted:     0 kB
AnonHugePages:         0 kB
ShmemHugePages:        0 kB
ShmemPmdMapped:        0 kB
CmaTotal:              0 kB
CmaFree:               0 kB
HugePages_Total:       0
HugePages_Free:        0
HugePages_Rsvd:        0
HugePages_Surp:        0
Hugepagesize:       2048 kB
DirectMap4k:      256288 kB
DirectMap2M:    15341568 kB
DirectMap1G:    18874368 kB

container (cgroup) information:
container_type: cgroupv1
cpu_cpuset_cpus: 0-3
cpu_memory_nodes: 0
active_processor_count: 4
cpu_quota: -1
cpu_period: 100000
cpu_shares: -1
memory_limit_in_bytes: -1
memory_and_swap_limit_in_bytes: -2
memory_soft_limit_in_bytes: -1
memory_usage_in_bytes: 32967516160
memory_max_usage_in_bytes: 0


CPU:total 4 (initial active 4) (4 cores per cpu, 1 threads per core) family 6 model 60 stepping 3, cmov, cx8, fxsr, mmx, sse, sse2, sse3, ssse3, sse4.1, sse4.2, popcnt, avx, avx2, aes, clmul, erms, lzcnt, tsc, tscinvbit, bmi1, bmi2

/proc/cpuinfo:
processor	: 0
vendor_id	: GenuineIntel
cpu family	: 6
model		: 60
model name	: Intel(R) Core(TM) i5-4590 CPU @ 3.30GHz
stepping	: 3
microcode	: 0x24
cpu MHz		: 1437.313
cache size	: 6144 KB
physical id	: 0
siblings	: 4
core id		: 0
cpu cores	: 4
apicid		: 0
initial apicid	: 0
fpu		: yes
fpu_exception	: yes
cpuid level	: 13
wp		: yes
flags		: fpu vme de pse tsc msr pae mce cx8 apic sep mtrr pge mca cmov pat pse36 clflush dts acpi mmx fxsr sse sse2 ss ht tm pbe syscall nx pdpe1gb rdtscp lm constant_tsc arch_perfmon pebs bts rep_good nopl xtopology nonstop_tsc cpuid aperfmperf pni pclmulqdq dtes64 monitor ds_cpl vmx smx est tm2 ssse3 sdbg fma cx16 xtpr pdcm pcid sse4_1 sse4_2 x2apic movbe popcnt tsc_deadline_timer aes xsave avx f16c rdrand lahf_lm abm cpuid_fault epb invpcid_single pti ibrs ibpb stibp tpr_shadow vnmi flexpriority ept vpid fsgsbase tsc_adjust bmi1 avx2 smep bmi2 erms invpcid xsaveopt dtherm ida arat pln pts
bugs		: cpu_meltdown spectre_v1 spectre_v2 spec_store_bypass
bogomips	: 6584.77
clflush size	: 64
cache_alignment	: 64
address sizes	: 39 bits physical, 48 bits virtual
power management:

processor	: 1
vendor_id	: GenuineIntel
cpu family	: 6
model		: 60
model name	: Intel(R) Core(TM) i5-4590 CPU @ 3.30GHz
stepping	: 3
microcode	: 0x24
cpu MHz		: 1461.977
cache size	: 6144 KB
physical id	: 0
siblings	: 4
core id		: 1
cpu cores	: 4
apicid		: 2
initial apicid	: 2
fpu		: yes
fpu_exception	: yes
cpuid level	: 13
wp		: yes
flags		: fpu vme de pse tsc msr pae mce cx8 apic sep mtrr pge mca cmov pat pse36 clflush dts acpi mmx fxsr sse sse2 ss ht tm pbe syscall nx pdpe1gb rdtscp lm constant_tsc arch_perfmon pebs bts rep_good nopl xtopology nonstop_tsc cpuid aperfmperf pni pclmulqdq dtes64 monitor ds_cpl vmx smx est tm2 ssse3 sdbg fma cx16 xtpr pdcm pcid sse4_1 sse4_2 x2apic movbe popcnt tsc_deadline_timer aes xsave avx f16c rdrand lahf_lm abm cpuid_fault epb invpcid_single pti ibrs ibpb stibp tpr_shadow vnmi flexpriority ept vpid fsgsbase tsc_adjust bmi1 avx2 smep bmi2 erms invpcid xsaveopt dtherm ida arat pln pts
bugs		: cpu_meltdown spectre_v1 spectre_v2 spec_store_bypass
bogomips	: 6584.77
clflush size	: 64
cache_alignment	: 64
address sizes	: 39 bits physical, 48 bits virtual
power management:

processor	: 2
vendor_id	: GenuineIntel
cpu family	: 6
model		: 60
model name	: Intel(R) Core(TM) i5-4590 CPU @ 3.30GHz
stepping	: 3
microcode	: 0x24
cpu MHz		: 1713.278
cache size	: 6144 KB
physical id	: 0
siblings	: 4
core id		: 2
cpu cores	: 4
apicid		: 4
initial apicid	: 4
fpu		: yes
fpu_exception	: yes
cpuid level	: 13
wp		: yes
flags		: fpu vme de pse tsc msr pae mce cx8 apic sep mtrr pge mca cmov pat pse36 clflush dts acpi mmx fxsr sse sse2 ss ht tm pbe syscall nx pdpe1gb rdtscp lm constant_tsc arch_perfmon pebs bts rep_good nopl xtopology nonstop_tsc cpuid aperfmperf pni pclmulqdq dtes64 monitor ds_cpl vmx smx est tm2 ssse3 sdbg fma cx16 xtpr pdcm pcid sse4_1 sse4_2 x2apic movbe popcnt tsc_deadline_timer aes xsave avx f16c rdrand lahf_lm abm cpuid_fault epb invpcid_single pti ibrs ibpb stibp tpr_shadow vnmi flexpriority ept vpid fsgsbase tsc_adjust bmi1 avx2 smep bmi2 erms invpcid xsaveopt dtherm ida arat pln pts
bugs		: cpu_meltdown spectre_v1 spectre_v2 spec_store_bypass
bogomips	: 6584.77
clflush size	: 64
cache_alignment	: 64
address sizes	: 39 bits physical, 48 bits virtual
power management:

processor	: 3
vendor_id	: GenuineIntel
cpu family	: 6
model		: 60
model name	: Intel(R) Core(TM) i5-4590 CPU @ 3.30GHz
stepping	: 3
microcode	: 0x24
cpu MHz		: 1736.238
cache size	: 6144 KB
physical id	: 0
siblings	: 4
core id		: 3
cpu cores	: 4
apicid		: 6
initial apicid	: 6
fpu		: yes
fpu_exception	: yes
cpuid level	: 13
wp		: yes
flags		: fpu vme de pse tsc msr pae mce cx8 apic sep mtrr pge mca cmov pat pse36 clflush dts acpi mmx fxsr sse sse2 ss ht tm pbe syscall nx pdpe1gb rdtscp lm constant_tsc arch_perfmon pebs bts rep_good nopl xtopology nonstop_tsc cpuid aperfmperf pni pclmulqdq dtes64 monitor ds_cpl vmx smx est tm2 ssse3 sdbg fma cx16 xtpr pdcm pcid sse4_1 sse4_2 x2apic movbe popcnt tsc_deadline_timer aes xsave avx f16c rdrand lahf_lm abm cpuid_fault epb invpcid_single pti ibrs ibpb stibp tpr_shadow vnmi flexpriority ept vpid fsgsbase tsc_adjust bmi1 avx2 smep bmi2 erms invpcid xsaveopt dtherm ida arat pln pts
bugs		: cpu_meltdown spectre_v1 spectre_v2 spec_store_bypass
bogomips	: 6584.77
clflush size	: 64
cache_alignment	: 64
address sizes	: 39 bits physical, 48 bits virtual
power management:



Memory: 4k page, physical 32810340k(242216k free), swap 2097148k(120612k free)

vm_info: Java HotSpot(TM) 64-Bit Server VM (25.191-b12) for linux-amd64 JRE (1.8.0_191-b12), built on Oct  6 2018 05:43:09 by "java_re" with gcc 7.3.0

time: Sun Jan 13 19:11:27 2019
elapsed time: 152 seconds (0d 0h 2m 32s)

